Removed Pin From Net: NetName=NetR9_1 Pin=U1-28
Removed Pin From Net: NetName=NetR11_1 Pin=U1-29
Added Component: Designator=S?(SW_TL59NF160Q)
Add component. Clean all parameters for all variants
Add component (AddParameter): Name = "Availability"; Value = "In Stock"; VariantName = "[No Variations]"
Add component (AddParameter): Name = "Check_prices"; Value = "https://www.snapeda.com/parts/TL59NF160Q/E-Switch/view-part/?ref=eda"; VariantName = "[No Variations]"
Add component (AddParameter): Name = "MF"; Value = "E-Switch"; VariantName = "[No Variations]"
Add component (AddParameter): Name = "MP"; Value = "TL59NF160Q"; VariantName = "[No Variations]"
Add component (AddParameter): Name = "Package"; Value = "None"; VariantName = "[No Variations]"
Add component (AddParameter): Name = "Price"; Value = "None"; VariantName = "[No Variations]"
Add component (AddParameter): Name = "Purchase-URL"; Value = "https://pricing.snapeda.com/search/part/TL59NF160Q/?ref=eda"; VariantName = "[No Variations]"
Add component (AddParameter): Name = "SnapEDA_Link"; Value = "https://www.snapeda.com/parts/TL59NF160Q/E-Switch/view-part/?ref=snap"; VariantName = "[No Variations]"
Add component (AddParameter): Name = "Value"; Value = ""; VariantName = "[No Variations]"
Added Pin To Net: NetName=GND Pin=IC1-3
Added Pin To Net: NetName=GND Pin=S?-2
Added Pin To Net: NetName=NetR9_1 Pin=U1-27
Added Pin To Net: NetName=NetR11_1 Pin=U1-28
Added Pin To Net: NetName=NetS?_1 Pin=S?-1
Added Pin To Net: NetName=NetS?_1 Pin=U1-29
Added Net: Name=NetS?_1
Added Member To Class: ClassName=shema Member=Component S? TL59NF160Q
